2024-05-29 20:53:38,056:WARNING:
'cuml' is a soft dependency and not included in the pycaret installation. Please run: `pip install cuml` to install.
2024-05-29 20:53:38,057:WARNING:
'cuml' is a soft dependency and not included in the pycaret installation. Please run: `pip install cuml` to install.
2024-05-29 20:53:38,057:WARNING:
'cuml' is a soft dependency and not included in the pycaret installation. Please run: `pip install cuml` to install.
2024-05-29 20:53:38,057:WARNING:
'cuml' is a soft dependency and not included in the pycaret installation. Please run: `pip install cuml` to install.
2024-05-29 20:54:56,323:INFO:PyCaret ClassificationExperiment
2024-05-29 20:54:56,323:INFO:Logging name: clf-default-name
2024-05-29 20:54:56,323:INFO:ML Usecase: MLUsecase.CLASSIFICATION
2024-05-29 20:54:56,325:INFO:version 3.3.2
2024-05-29 20:54:56,325:INFO:Initializing setup()
2024-05-29 20:54:56,325:INFO:self.USI: ea1c
2024-05-29 20:54:56,325:INFO:self._variable_keys: {'memory', 'y', 'html_param', 'logging_param', 'y_train', 'target_param', 'USI', 'fold_generator', 'gpu_param', 'is_multiclass', 'idx', 'exp_id', 'y_test', 'fold_shuffle_param', 'fix_imbalance', 'X', 'data', '_available_plots', 'gpu_n_jobs_param', 'fold_groups_param', 'seed', 'pipeline', 'n_jobs_param', 'X_test', 'exp_name_log', '_ml_usecase', 'X_train', 'log_plots_param'}
2024-05-29 20:54:56,325:INFO:Checking environment
2024-05-29 20:54:56,325:INFO:python_version: 3.11.7
2024-05-29 20:54:56,325:INFO:python_build: ('main', 'Dec 15 2023 18:05:47')
2024-05-29 20:54:56,325:INFO:machine: AMD64
2024-05-29 20:54:56,325:INFO:platform: Windows-10-10.0.22631-SP0
2024-05-29 20:54:56,325:INFO:Memory: svmem(total=16969424896, available=7589081088, percent=55.3, used=9380343808, free=7589081088)
2024-05-29 20:54:56,325:INFO:Physical Core: 4
2024-05-29 20:54:56,325:INFO:Logical Core: 8
2024-05-29 20:54:56,325:INFO:Checking libraries
2024-05-29 20:54:56,326:INFO:System:
2024-05-29 20:54:56,326:INFO:    python: 3.11.7 | packaged by Anaconda, Inc. | (main, Dec 15 2023, 18:05:47) [MSC v.1916 64 bit (AMD64)]
2024-05-29 20:54:56,326:INFO:executable: C:\Users\fzehr\anaconda3\python.exe
2024-05-29 20:54:56,326:INFO:   machine: Windows-10-10.0.22631-SP0
2024-05-29 20:54:56,326:INFO:PyCaret required dependencies:
2024-05-29 20:54:57,777:INFO:                 pip: 23.3.2
2024-05-29 20:54:57,777:INFO:          setuptools: 68.2.2
2024-05-29 20:54:57,777:INFO:             pycaret: 3.3.2
2024-05-29 20:54:57,777:INFO:             IPython: 8.20.0
2024-05-29 20:54:57,777:INFO:          ipywidgets: 8.0.4
2024-05-29 20:54:57,777:INFO:                tqdm: 4.65.0
2024-05-29 20:54:57,778:INFO:               numpy: 1.25.2
2024-05-29 20:54:57,778:INFO:              pandas: 2.1.4
2024-05-29 20:54:57,779:INFO:              jinja2: 3.1.3
2024-05-29 20:54:57,779:INFO:               scipy: 1.11.4
2024-05-29 20:54:57,779:INFO:              joblib: 1.2.0
2024-05-29 20:54:57,779:INFO:             sklearn: 1.4.1.post1
2024-05-29 20:54:57,779:INFO:                pyod: 1.1.3
2024-05-29 20:54:57,779:INFO:            imblearn: 0.12.3
2024-05-29 20:54:57,779:INFO:   category_encoders: 2.6.3
2024-05-29 20:54:57,779:INFO:            lightgbm: 4.3.0
2024-05-29 20:54:57,779:INFO:               numba: 0.59.0
2024-05-29 20:54:57,779:INFO:            requests: 2.31.0
2024-05-29 20:54:57,779:INFO:          matplotlib: 3.7.5
2024-05-29 20:54:57,779:INFO:          scikitplot: 0.3.7
2024-05-29 20:54:57,779:INFO:         yellowbrick: 1.5
2024-05-29 20:54:57,779:INFO:              plotly: 5.19.0
2024-05-29 20:54:57,780:INFO:    plotly-resampler: Not installed
2024-05-29 20:54:57,780:INFO:             kaleido: 0.2.1
2024-05-29 20:54:57,780:INFO:           schemdraw: 0.15
2024-05-29 20:54:57,780:INFO:         statsmodels: 0.14.0
2024-05-29 20:54:57,780:INFO:              sktime: 0.26.0
2024-05-29 20:54:57,780:INFO:               tbats: 1.1.3
2024-05-29 20:54:57,780:INFO:            pmdarima: 2.0.4
2024-05-29 20:54:57,780:INFO:              psutil: 5.9.0
2024-05-29 20:54:57,780:INFO:          markupsafe: 2.1.3
2024-05-29 20:54:57,780:INFO:             pickle5: Not installed
2024-05-29 20:54:57,780:INFO:         cloudpickle: 2.2.1
2024-05-29 20:54:57,780:INFO:         deprecation: 2.1.0
2024-05-29 20:54:57,780:INFO:              xxhash: 2.0.2
2024-05-29 20:54:57,780:INFO:           wurlitzer: Not installed
2024-05-29 20:54:57,780:INFO:PyCaret optional dependencies:
2024-05-29 20:54:57,792:INFO:                shap: Not installed
2024-05-29 20:54:57,792:INFO:           interpret: Not installed
2024-05-29 20:54:57,792:INFO:                umap: Not installed
2024-05-29 20:54:57,792:INFO:     ydata_profiling: 4.6.4
2024-05-29 20:54:57,792:INFO:  explainerdashboard: Not installed
2024-05-29 20:54:57,792:INFO:             autoviz: Not installed
2024-05-29 20:54:57,792:INFO:           fairlearn: Not installed
2024-05-29 20:54:57,792:INFO:          deepchecks: Not installed
2024-05-29 20:54:57,792:INFO:             xgboost: 2.0.3
2024-05-29 20:54:57,792:INFO:            catboost: Not installed
2024-05-29 20:54:57,792:INFO:              kmodes: Not installed
2024-05-29 20:54:57,792:INFO:             mlxtend: Not installed
2024-05-29 20:54:57,792:INFO:       statsforecast: Not installed
2024-05-29 20:54:57,792:INFO:        tune_sklearn: Not installed
2024-05-29 20:54:57,792:INFO:                 ray: Not installed
2024-05-29 20:54:57,793:INFO:            hyperopt: Not installed
2024-05-29 20:54:57,793:INFO:              optuna: Not installed
2024-05-29 20:54:57,793:INFO:               skopt: Not installed
2024-05-29 20:54:57,793:INFO:              mlflow: Not installed
2024-05-29 20:54:57,793:INFO:              gradio: Not installed
2024-05-29 20:54:57,793:INFO:             fastapi: Not installed
2024-05-29 20:54:57,793:INFO:             uvicorn: Not installed
2024-05-29 20:54:57,793:INFO:              m2cgen: Not installed
2024-05-29 20:54:57,793:INFO:           evidently: Not installed
2024-05-29 20:54:57,793:INFO:               fugue: Not installed
2024-05-29 20:54:57,793:INFO:           streamlit: 1.22.0
2024-05-29 20:54:57,793:INFO:             prophet: Not installed
2024-05-29 20:54:57,793:INFO:None
2024-05-29 20:54:57,793:INFO:Set up data.
2024-05-29 20:55:11,107:INFO:PyCaret ClassificationExperiment
2024-05-29 20:55:11,107:INFO:Logging name: clf-default-name
2024-05-29 20:55:11,107:INFO:ML Usecase: MLUsecase.CLASSIFICATION
2024-05-29 20:55:11,108:INFO:version 3.3.2
2024-05-29 20:55:11,108:INFO:Initializing setup()
2024-05-29 20:55:11,108:INFO:self.USI: 4383
2024-05-29 20:55:11,108:INFO:self._variable_keys: {'memory', 'y', 'html_param', 'logging_param', 'y_train', 'target_param', 'USI', 'fold_generator', 'gpu_param', 'is_multiclass', 'idx', 'exp_id', 'y_test', 'fold_shuffle_param', 'fix_imbalance', 'X', 'data', '_available_plots', 'gpu_n_jobs_param', 'fold_groups_param', 'seed', 'pipeline', 'n_jobs_param', 'X_test', 'exp_name_log', '_ml_usecase', 'X_train', 'log_plots_param'}
2024-05-29 20:55:11,108:INFO:Checking environment
2024-05-29 20:55:11,108:INFO:python_version: 3.11.7
2024-05-29 20:55:11,108:INFO:python_build: ('main', 'Dec 15 2023 18:05:47')
2024-05-29 20:55:11,108:INFO:machine: AMD64
2024-05-29 20:55:11,108:INFO:platform: Windows-10-10.0.22631-SP0
2024-05-29 20:55:11,108:INFO:Memory: svmem(total=16969424896, available=7411265536, percent=56.3, used=9558159360, free=7411265536)
2024-05-29 20:55:11,108:INFO:Physical Core: 4
2024-05-29 20:55:11,108:INFO:Logical Core: 8
2024-05-29 20:55:11,109:INFO:Checking libraries
2024-05-29 20:55:11,109:INFO:System:
2024-05-29 20:55:11,109:INFO:    python: 3.11.7 | packaged by Anaconda, Inc. | (main, Dec 15 2023, 18:05:47) [MSC v.1916 64 bit (AMD64)]
2024-05-29 20:55:11,109:INFO:executable: C:\Users\fzehr\anaconda3\python.exe
2024-05-29 20:55:11,109:INFO:   machine: Windows-10-10.0.22631-SP0
2024-05-29 20:55:11,109:INFO:PyCaret required dependencies:
2024-05-29 20:55:11,109:INFO:                 pip: 23.3.2
2024-05-29 20:55:11,109:INFO:          setuptools: 68.2.2
2024-05-29 20:55:11,109:INFO:             pycaret: 3.3.2
2024-05-29 20:55:11,109:INFO:             IPython: 8.20.0
2024-05-29 20:55:11,109:INFO:          ipywidgets: 8.0.4
2024-05-29 20:55:11,109:INFO:                tqdm: 4.65.0
2024-05-29 20:55:11,109:INFO:               numpy: 1.25.2
2024-05-29 20:55:11,109:INFO:              pandas: 2.1.4
2024-05-29 20:55:11,109:INFO:              jinja2: 3.1.3
2024-05-29 20:55:11,109:INFO:               scipy: 1.11.4
2024-05-29 20:55:11,109:INFO:              joblib: 1.2.0
2024-05-29 20:55:11,109:INFO:             sklearn: 1.4.1.post1
2024-05-29 20:55:11,109:INFO:                pyod: 1.1.3
2024-05-29 20:55:11,109:INFO:            imblearn: 0.12.3
2024-05-29 20:55:11,109:INFO:   category_encoders: 2.6.3
2024-05-29 20:55:11,109:INFO:            lightgbm: 4.3.0
2024-05-29 20:55:11,109:INFO:               numba: 0.59.0
2024-05-29 20:55:11,109:INFO:            requests: 2.31.0
2024-05-29 20:55:11,109:INFO:          matplotlib: 3.7.5
2024-05-29 20:55:11,109:INFO:          scikitplot: 0.3.7
2024-05-29 20:55:11,110:INFO:         yellowbrick: 1.5
2024-05-29 20:55:11,110:INFO:              plotly: 5.19.0
2024-05-29 20:55:11,110:INFO:    plotly-resampler: Not installed
2024-05-29 20:55:11,110:INFO:             kaleido: 0.2.1
2024-05-29 20:55:11,110:INFO:           schemdraw: 0.15
2024-05-29 20:55:11,110:INFO:         statsmodels: 0.14.0
2024-05-29 20:55:11,110:INFO:              sktime: 0.26.0
2024-05-29 20:55:11,110:INFO:               tbats: 1.1.3
2024-05-29 20:55:11,110:INFO:            pmdarima: 2.0.4
2024-05-29 20:55:11,110:INFO:              psutil: 5.9.0
2024-05-29 20:55:11,110:INFO:          markupsafe: 2.1.3
2024-05-29 20:55:11,110:INFO:             pickle5: Not installed
2024-05-29 20:55:11,110:INFO:         cloudpickle: 2.2.1
2024-05-29 20:55:11,110:INFO:         deprecation: 2.1.0
2024-05-29 20:55:11,110:INFO:              xxhash: 2.0.2
2024-05-29 20:55:11,110:INFO:           wurlitzer: Not installed
2024-05-29 20:55:11,110:INFO:PyCaret optional dependencies:
2024-05-29 20:55:11,110:INFO:                shap: Not installed
2024-05-29 20:55:11,110:INFO:           interpret: Not installed
2024-05-29 20:55:11,110:INFO:                umap: Not installed
2024-05-29 20:55:11,110:INFO:     ydata_profiling: 4.6.4
2024-05-29 20:55:11,110:INFO:  explainerdashboard: Not installed
2024-05-29 20:55:11,110:INFO:             autoviz: Not installed
2024-05-29 20:55:11,110:INFO:           fairlearn: Not installed
2024-05-29 20:55:11,110:INFO:          deepchecks: Not installed
2024-05-29 20:55:11,110:INFO:             xgboost: 2.0.3
2024-05-29 20:55:11,110:INFO:            catboost: Not installed
2024-05-29 20:55:11,110:INFO:              kmodes: Not installed
2024-05-29 20:55:11,110:INFO:             mlxtend: Not installed
2024-05-29 20:55:11,110:INFO:       statsforecast: Not installed
2024-05-29 20:55:11,111:INFO:        tune_sklearn: Not installed
2024-05-29 20:55:11,111:INFO:                 ray: Not installed
2024-05-29 20:55:11,111:INFO:            hyperopt: Not installed
2024-05-29 20:55:11,111:INFO:              optuna: Not installed
2024-05-29 20:55:11,111:INFO:               skopt: Not installed
2024-05-29 20:55:11,111:INFO:              mlflow: Not installed
2024-05-29 20:55:11,111:INFO:              gradio: Not installed
2024-05-29 20:55:11,111:INFO:             fastapi: Not installed
2024-05-29 20:55:11,111:INFO:             uvicorn: Not installed
2024-05-29 20:55:11,111:INFO:              m2cgen: Not installed
2024-05-29 20:55:11,111:INFO:           evidently: Not installed
2024-05-29 20:55:11,111:INFO:               fugue: Not installed
2024-05-29 20:55:11,111:INFO:           streamlit: 1.22.0
2024-05-29 20:55:11,111:INFO:             prophet: Not installed
2024-05-29 20:55:11,111:INFO:None
2024-05-29 20:55:11,111:INFO:Set up data.
2024-05-29 20:55:11,121:INFO:Set up folding strategy.
2024-05-29 20:55:11,121:INFO:Set up train/test split.
